TN:
SF:/Users/bootcamp/Desktop/hb-javascript-test-101/script.js
FN:2,generateRandomColor
FN:9,filterNegativeNumbers
FN:21,functionalFilterNegativeNumbers
FN:24,checkNumber
FN:29,mapNumbersIntoStrings
FN:38,functionalMapNumbersIntoStrings
FN:43,printType
FN:48,isPalindrome
FN:60,Person
FN:64,(anonymous_9)
FN:68,printOutPersonAge
FNF:11
FNH:1
FNDA:1,generateRandomColor
FNDA:0,filterNegativeNumbers
FNDA:0,functionalFilterNegativeNumbers
FNDA:0,checkNumber
FNDA:0,mapNumbersIntoStrings
FNDA:0,functionalMapNumbersIntoStrings
FNDA:0,printType
FNDA:0,isPalindrome
FNDA:0,Person
FNDA:0,(anonymous_9)
FNDA:0,printOutPersonAge
DA:3,1
DA:4,1
DA:5,1
DA:10,0
DA:11,0
DA:12,0
DA:13,0
DA:14,0
DA:17,0
DA:22,0
DA:25,0
DA:30,0
DA:31,0
DA:32,0
DA:33,0
DA:35,0
DA:39,0
DA:44,0
DA:49,0
DA:50,0
DA:51,0
DA:52,0
DA:53,0
DA:56,0
DA:61,0
DA:62,0
DA:64,1
DA:65,0
DA:69,0
LF:29
LH:4
BRDA:13,0,0,0
BRDA:13,0,1,0
BRDA:52,1,0,0
BRDA:52,1,1,0
BRF:4
BRH:0
end_of_record
